Log file open, 06/09/17 11:30:52
LogInit:Display: Running engine for game: C4IATontaLimpio
LogInit:Display: Project file not found: ../../../C4IATontaLimpio/C4IATontaLimpio.uproject
LogInit:Display: 	Attempting to find via project info helper.
LogUProjectInfo: Found projects:
LogPlatformFile: Not using cached read wrapper
LogInit:Display: RandInit(1725311368) SRandInit(1725311368).
LogTaskGraph: Started task graph with 5 named threads and 6 total threads with 1 sets of task threads.
LogStats: Stats thread started at 0.669769
LogPluginManager: Loaded Plugin SlateRemote, From D:/Documents/Unreal/C4IATontaLimpio/Juego/WindowsNoEditor/Engine/Plugins/Slate/SlateRemote/SlateRemote.uplugin
LogPluginManager: Loaded Plugin WindowsMoviePlayer, From D:/Documents/Unreal/C4IATontaLimpio/Juego/WindowsNoEditor/Engine/Plugins/Runtime/WindowsMoviePlayer/WindowsMoviePlayer.uplugin
LogPluginManager: Loaded Plugin SteamVR, From D:/Documents/Unreal/C4IATontaLimpio/Juego/WindowsNoEditor/Engine/Plugins/Runtime/Steam/SteamVR/SteamVR.uplugin
LogPluginManager: Loaded Plugin ProceduralMeshComponent, From D:/Documents/Unreal/C4IATontaLimpio/Juego/WindowsNoEditor/Engine/Plugins/Runtime/ProceduralMeshComponent/ProceduralMeshComponent.uplugin
LogPluginManager: Loaded Plugin OculusRift, From D:/Documents/Unreal/C4IATontaLimpio/Juego/WindowsNoEditor/Engine/Plugins/Runtime/OculusRift/OculusRift.uplugin
LogPluginManager: Loaded Plugin OculusLibrary, From D:/Documents/Unreal/C4IATontaLimpio/Juego/WindowsNoEditor/Engine/Plugins/Runtime/OculusLibrary/OculusLibrary.uplugin
LogPluginManager: Loaded Plugin OculusInput, From D:/Documents/Unreal/C4IATontaLimpio/Juego/WindowsNoEditor/Engine/Plugins/Runtime/OculusInput/OculusInput.uplugin
LogPluginManager: Loaded Plugin MobilePatchingUtils, From D:/Documents/Unreal/C4IATontaLimpio/Juego/WindowsNoEditor/Engine/Plugins/Runtime/MobilePatchingUtils/MobilePatchingUtils.uplugin
LogPluginManager: Loaded Plugin ExampleDeviceProfileSelector, From D:/Documents/Unreal/C4IATontaLimpio/Juego/WindowsNoEditor/Engine/Plugins/Runtime/ExampleDeviceProfileSelector/ExampleDeviceProfileSelector.uplugin
LogPluginManager: Loaded Plugin CustomMeshComponent, From D:/Documents/Unreal/C4IATontaLimpio/Juego/WindowsNoEditor/Engine/Plugins/Runtime/CustomMeshComponent/CustomMeshComponent.uplugin
LogPluginManager: Loaded Plugin CableComponent, From D:/Documents/Unreal/C4IATontaLimpio/Juego/WindowsNoEditor/Engine/Plugins/Runtime/CableComponent/CableComponent.uplugin
LogPluginManager: Loaded Plugin ArchVisCharacter, From D:/Documents/Unreal/C4IATontaLimpio/Juego/WindowsNoEditor/Engine/Plugins/Runtime/ArchVisCharacter/ArchVisCharacter.uplugin
LogPluginManager: Loaded Plugin OnlineSubsystemUtils, From D:/Documents/Unreal/C4IATontaLimpio/Juego/WindowsNoEditor/Engine/Plugins/Online/OnlineSubsystemUtils/OnlineSubsystemUtils.uplugin
LogPluginManager: Loaded Plugin OnlineSubsystemNull, From D:/Documents/Unreal/C4IATontaLimpio/Juego/WindowsNoEditor/Engine/Plugins/Online/OnlineSubsystemNull/OnlineSubsystemNull.uplugin
LogPluginManager: Loaded Plugin OnlineSubsystem, From D:/Documents/Unreal/C4IATontaLimpio/Juego/WindowsNoEditor/Engine/Plugins/Online/OnlineSubsystem/OnlineSubsystem.uplugin
LogPluginManager: Loaded Plugin UdpMessaging, From D:/Documents/Unreal/C4IATontaLimpio/Juego/WindowsNoEditor/Engine/Plugins/Messaging/UdpMessaging/UdpMessaging.uplugin
LogPluginManager: Loaded Plugin TcpMessaging, From D:/Documents/Unreal/C4IATontaLimpio/Juego/WindowsNoEditor/Engine/Plugins/Messaging/TcpMessaging/TcpMessaging.uplugin
LogPluginManager: Loaded Plugin WmfMedia, From D:/Documents/Unreal/C4IATontaLimpio/Juego/WindowsNoEditor/Engine/Plugins/Media/WmfMedia/WmfMedia.uplugin
LogPluginManager: Loaded Plugin AvfMedia, From D:/Documents/Unreal/C4IATontaLimpio/Juego/WindowsNoEditor/Engine/Plugins/Media/AvfMedia/AvfMedia.uplugin
LogPluginManager: Loaded Plugin AndroidMedia, From D:/Documents/Unreal/C4IATontaLimpio/Juego/WindowsNoEditor/Engine/Plugins/Media/AndroidMedia/AndroidMedia.uplugin
LogPluginManager: Loaded Plugin HTML5Networking, From D:/Documents/Unreal/C4IATontaLimpio/Juego/WindowsNoEditor/Engine/Plugins/Experimental/HTML5Networking/HTML5Networking.uplugin
LogPluginManager: Loaded Plugin CharacterAI, From D:/Documents/Unreal/C4IATontaLimpio/Juego/WindowsNoEditor/Engine/Plugins/Experimental/CharacterAI/CharacterAI.uplugin
LogPluginManager: Loaded Plugin LightPropagationVolume, From D:/Documents/Unreal/C4IATontaLimpio/Juego/WindowsNoEditor/Engine/Plugins/Blendables/LightPropagationVolume/LightPropagationVolume.uplugin
LogPluginManager: Loaded Plugin Paper2D, From D:/Documents/Unreal/C4IATontaLimpio/Juego/WindowsNoEditor/Engine/Plugins/2D/Paper2D/Paper2D.uplugin
LogModuleManager:Warning: ModuleManager: Module 'XMPP' not found - its StaticallyLinkedModuleInitializers function is null.
LogInit: Using libcurl 7.47.1
LogInit:  - built for x86_64-pc-win32
LogInit:  - supports SSL with OpenSSL/1.0.2g
LogInit:  - supports HTTP deflate (compression) using libz 1.2.8
LogInit:  - other features:
LogInit:      CURL_VERSION_SSL
LogInit:      CURL_VERSION_LIBZ
LogInit:      CURL_VERSION_IPV6
LogInit:      CURL_VERSION_ASYNCHDNS
LogInit:      CURL_VERSION_LARGEFILE
LogInit:      CURL_VERSION_IDN
LogInit:  CurlRequestOptions (configurable via config and command line):
LogInit:  - bVerifyPeer = false  - Libcurl will NOT verify peer certificate
LogInit:  - bUseHttpProxy = false  - Libcurl will NOT use HTTP proxy
LogInit:  - bDontReuseConnections = false  - Libcurl will reuse connections
LogInit:  - CertBundlePath = nullptr  - Libcurl will use whatever was configured at build time.
LogInit: Build: ++UE4+Release-4.14-CL-3249277
LogInit: Engine Version: 4.14.3-3249277+++UE4+Release-4.14
LogInit: Compatible Engine Version: 4.14.0-3195953+++UE4+Release-4.14
LogInit: Net CL: 3195953
LogDevObjectVersion: Number of dev versions registered: 13
LogDevObjectVersion:   Dev-Blueprints (B0D832E4-1F89-4F0D-ACCF-7EB736FD4AA2): 7
LogDevObjectVersion:   Dev-Build (E1C64328-A22C-4D53-A36C-8E866417BD8C): 0
LogDevObjectVersion:   Dev-Core (375EC13C-06E4-48FB-B500-84F0262A717E): 1
LogDevObjectVersion:   Dev-Editor (E4B068ED-F494-42E9-A231-DA0B2E46BB41): 8
LogDevObjectVersion:   Dev-Framework (CFFC743F-43B0-4480-9391-14DF171D2073): 17
LogDevObjectVersion:   Dev-Mobile (B02B49B5-BB20-44E9-A304-32B752E40360): 0
LogDevObjectVersion:   Dev-Networking (A4E4105C-59A1-49B5-A7C5-40C4547EDFEE): 0
LogDevObjectVersion:   Dev-Online (39C831C9-5AE6-47DC-9A44-9C173E1C8E7C): 0
LogDevObjectVersion:   Dev-Physics (78F01B33-EBEA-4F98-B9B4-84EACCB95AA2): 0
LogDevObjectVersion:   Dev-Platform (6631380F-2D4D-43E0-8009-CF276956A95A): 0
LogDevObjectVersion:   Dev-Rendering (12F88B9F-8875-4AFC-A67C-D90C383ABD29): 12
LogDevObjectVersion:   Dev-Sequencer (7B5AE74C-D270-4C10-A958-57980B212A5A): 1
LogDevObjectVersion:   Dev-VR (D7296918-1DD6-4BDD-9DE2-64A83CC13884): 0
LogInit: Compiled (64-bit): Jan  6 2017 10:46:09
LogInit: Compiled with Visual C++: 19.00.23026.00
LogInit: Build Configuration: Development
LogInit: Branch Name: ++UE4+Release-4.14
LogInit: Command line:  
LogInit: Base directory: D:/Documents/Unreal/C4IATontaLimpio/Juego/WindowsNoEditor/Engine/Binaries/Win64/
LogInit: Installed Engine Build: 0
LogInit: Presizing for max 2097152 objects, including 0 objects not considered by GC, pre-allocating 0 bytes for permanent pool.
LogInit: Object subsystem initialized
[2017.06.09-09.30.52:771][  0]LogInit: Selected Device Profile: [WindowsNoEditor]
[2017.06.09-09.30.52:771][  0]LogInit: Applying CVar settings loaded from the selected device profile: [WindowsNoEditor]
[2017.06.09-09.30.52:777][  0]LogInit: Computer: MARIO
[2017.06.09-09.30.52:777][  0]LogInit: User: Mario
[2017.06.09-09.30.52:777][  0]LogInit: CPU Page size=65536, Cores=2
[2017.06.09-09.30.52:777][  0]LogInit: High frequency timer resolution =2.340365 MHz
[2017.06.09-09.30.52:777][  0]LogMemory: Memory total: Physical=7.9GB (8GB approx)
[2017.06.09-09.30.52:777][  0]LogMemory: Platform Memory Stats for WindowsNoEditor
[2017.06.09-09.30.52:777][  0]LogMemory: Process Physical Memory: 87.93 MB used, 87.93 MB peak
[2017.06.09-09.30.52:777][  0]LogMemory: Process Virtual Memory: 101.61 MB used, 101.61 MB peak
[2017.06.09-09.30.52:777][  0]LogMemory: Physical Memory: 3596.39 MB used,  4497.96 MB free, 8094.36 MB total
[2017.06.09-09.30.52:777][  0]LogMemory: Virtual Memory: 332.88 MB used,  4497.96 MB free, 134217728.00 MB total
[2017.06.09-09.30.52:983][  0]LogTextLocalizationManager: No translations for ('es-ES') exist, falling back to 'en' for localization and internationalization data.
[2017.06.09-09.30.53:098][  0]LogD3D11RHI: D3D11 adapters:
[2017.06.09-09.30.53:130][  0]LogD3D11RHI:    0. 'NVIDIA GeForce 920M         ' (Feature Level 11_0)
[2017.06.09-09.30.53:130][  0]LogD3D11RHI:       1997/0/4047 MB DedicatedVideo/DedicatedSystem/SharedSystem, Outputs:2, VendorId:0x10de
[2017.06.09-09.30.53:136][  0]LogD3D11RHI:    1. 'Intel(R) HD Graphics 5500' (Feature Level 11_0)
[2017.06.09-09.30.53:136][  0]LogD3D11RHI:       128/0/4047 MB DedicatedVideo/DedicatedSystem/SharedSystem, Outputs:0, VendorId:0x8086
[2017.06.09-09.30.53:139][  0]LogD3D11RHI:    2. 'Microsoft Basic Render Driver' (Feature Level 11_0)
[2017.06.09-09.30.53:139][  0]LogD3D11RHI:       0/0/4047 MB DedicatedVideo/DedicatedSystem/SharedSystem, Outputs:0, VendorId:0x1414
[2017.06.09-09.30.53:139][  0]LogD3D11RHI: Chosen D3D11 Adapter: 0
[2017.06.09-09.30.53:144][  0]LogD3D11RHI: Creating new Direct3DDevice
[2017.06.09-09.30.53:144][  0]LogD3D11RHI:     GPU DeviceId: 0x1299 (for the marketing name, search the web for "GPU Device Id")
[2017.06.09-09.30.53:144][  0]LogWindows: EnumDisplayDevices:
[2017.06.09-09.30.53:144][  0]LogWindows:    0. 'Intel(R) HD Graphics 5500' (P:1 D:1)
[2017.06.09-09.30.53:144][  0]LogWindows:    1. 'Intel(R) HD Graphics 5500' (P:0 D:1)
[2017.06.09-09.30.53:145][  0]LogWindows:    2. 'Intel(R) HD Graphics 5500' (P:0 D:0)
[2017.06.09-09.30.53:145][  0]LogWindows: DebugString: PrimaryIsNotTheChoosenAdapter PrimaryIsNotTheChoosenAdapter PrimaryIsNotTheChoosenAdapter FoundDriverCount:0 
[2017.06.09-09.30.53:145][  0]LogD3D11RHI:     Adapter Name: NVIDIA GeForce 920M         
[2017.06.09-09.30.53:145][  0]LogD3D11RHI:   Driver Version: Unknown (internal:Unknown, unified:Unknown)
[2017.06.09-09.30.53:145][  0]LogD3D11RHI:      Driver Date: Unknown
[2017.06.09-09.30.53:145][  0]LogRHI: Texture pool is 1361 MB (70% of 1945 MB)
[2017.06.09-09.30.53:163][  0]LogD3D11RHI:Warning: Timestamp queries are currently disabled on this hardware due to instability. Realtime GPU stats will not be available. You can override this behaviour by setting r.NVIDIATimestampWorkaround to 0
[2017.06.09-09.30.53:163][  0]LogD3D11RHI: Async texture creation enabled
[2017.06.09-09.30.53:188][  0]LogD3D11RHI: GPU Timing Frequency: 1000.000000 (Debug: 2 2)
[2017.06.09-09.30.53:318][  0]LogAssetRegistry: FAssetRegistry took 0.0117 seconds to start up
[2017.06.09-09.30.53:323][  0]LogPackageLocalizationCache: Processed 3 localized package path(s) for 1 prioritized culture(s) in 0.004540 seconds
[2017.06.09-09.30.53:332][  0]LogContentStreaming: Texture pool size is 1000.00 MB
[2017.06.09-09.30.53:332][  0]LogInit: Selected Device Profile: [WindowsNoEditor]
[2017.06.09-09.30.53:368][  0]LogBlueprintUserMessages:Warning: DEBUG: LocalNotification DefaultPlatformService NOT FOUND
[2017.06.09-09.30.53:382][  0]LogNetVersion: GetLocalNetworkVersion: CL: 3195953, ProjectName: c4iatontalimpio, ProjectVersion: , EngineNetworkVersion: 2, GameNetworkVersion: 0, NetworkChecksum: 932955944
[2017.06.09-09.30.53:424][  0]LogInit: WinSock: version 1.1 (2.2), MaxSocks=32767, MaxUdp=65467
[2017.06.09-09.30.53:435][  0]LogSlate: Using Freetype 2.6.0
[2017.06.09-09.30.53:438][  0]LogSlate: SlateFontCache - WITH_FREETYPE: 1, WITH_HARFBUZZ: 1
[2017.06.09-09.30.53:438][  0]LogSlate: SlateFontCache - WITH_FREETYPE: 1, WITH_HARFBUZZ: 1
[2017.06.09-09.30.53:485][  0]LogMoviePlayer: Initializing movie player
[2017.06.09-09.30.53:641][  0]LogWindowsMoviePlayer: Unable to load movie: ../../../C4IATontaLimpio/Content/Movies/Default_Startup.mp4
[2017.06.09-09.30.53:734][  0]LogUObjectArray: 29397 objects as part of root set at end of initial load.
[2017.06.09-09.30.53:734][  0]LogUObjectAllocator: 5817728 out of 0 bytes used by permanent object pool.
[2017.06.09-09.30.53:734][  0]LogUObjectArray: CloseDisregardForGC: 0/0 objects in disregard for GC pool
[2017.06.09-09.30.53:745][  0]LogEngine: Initializing Engine...
[2017.06.09-09.30.53:746][  0]LogHMD: Failed to initialize OpenVR with code 110
[2017.06.09-09.30.53:845][  0]LogInit: XAudio2 using 'Altavoces (Realtek High Definition Audio)' : 2 channels at 48 kHz using 32 bits per sample (channel mask 0x3)
[2017.06.09-09.30.53:870][  0]LogInit: FAudioDevice initialized.
[2017.06.09-09.30.53:880][  0]LogInit: Texture streaming: Enabled
[2017.06.09-09.30.53:893][  0]LogInit:Display: Game Engine Initialized.
[2017.06.09-09.30.53:893][  0]LogInit:Display: Starting Game.
[2017.06.09-09.30.53:893][  0]LogNet: Browse: /Game/Conecta4/Mapa/MenuPrincipalLevel?Name=Player
[2017.06.09-09.30.53:894][  0]LogLoad: LoadMap: /Game/Conecta4/Mapa/MenuPrincipalLevel?Name=Player
[2017.06.09-09.30.53:925][  0]LogMemory: Platform Memory Stats for WindowsNoEditor
[2017.06.09-09.30.53:925][  0]LogMemory: Process Physical Memory: 187.89 MB used, 202.95 MB peak
[2017.06.09-09.30.53:925][  0]LogMemory: Process Virtual Memory: 253.26 MB used, 268.71 MB peak
[2017.06.09-09.30.53:925][  0]LogMemory: Physical Memory: 3710.26 MB used,  4384.09 MB free, 8094.36 MB total
[2017.06.09-09.30.53:925][  0]LogMemory: Virtual Memory: 614.33 MB used,  4384.09 MB free, 134217728.00 MB total
[2017.06.09-09.30.53:925][  0]LogMemory: 
[2017.06.09-09.30.53:925][  0]Allocator Stats for binned2: (not implemented)
[2017.06.09-09.30.54:978][  0]LogAIModule: Creating AISystem for world MenuPrincipalLevel
[2017.06.09-09.30.54:979][  0]LogLoad: Game class is 'MiGameMode_C'
[2017.06.09-09.30.54:980][  0]LogWorld: Bringing World /Game/Conecta4/Mapa/MenuPrincipalLevel.MenuPrincipalLevel up for play (max tick rate 0) at 2017.06.09-11.30.54
[2017.06.09-09.30.54:980][  0]LogWorld: Bringing up level for play took: 0.000590
[2017.06.09-09.30.54:980][  0]LogGameMode: Warning - PATHS NOT DEFINED or NO PLAYERSTART with positive rating
[2017.06.09-09.30.54:987][  0]LogLoad: Took 1.092676 seconds to LoadMap(/Game/Conecta4/Mapa/MenuPrincipalLevel)
[2017.06.09-09.30.55:547][  0]LogLoad: (Engine Initialization) Total time: 3.69 seconds
[2017.06.09-09.30.55:547][  0]LogExternalProfiler: Found external profiler: VSPerf
[2017.06.09-09.30.55:547][  0]LogExternalProfiler: Using external profiler: VSPerf
[2017.06.09-09.30.55:564][  0]LogOcInput: OculusInput pre-init called
[2017.06.09-09.30.55:578][  0]LogAudio:Warning: Detected orphaned looping sound 'melodia1'.
[2017.06.09-09.30.55:677][  2]LogRenderer: Reallocating scene render targets to support 1280x720 NumSamples 1 (Frame:2).
[2017.06.09-09.30.59:251][154]LogSlate: Request Window 'C4IATontaLimpio (64-bit, PCD3D_SM5)' being destroyed
[2017.06.09-09.30.59:279][154]LogSlate: Window 'C4IATontaLimpio (64-bit, PCD3D_SM5)' being destroyed
[2017.06.09-09.30.59:280][154]LogWindowsTextInputMethodSystem:Display: IME system now deactivated.
[2017.06.09-09.30.59:289][154]LogSlate: HittestGrid destroyed
[2017.06.09-09.30.59:290][154]LogEngine: All Windows Closed
[2017.06.09-09.30.59:290][154]LogWindows: FPlatformMisc::RequestExit(0)
[2017.06.09-09.30.59:290][155]LogMoviePlayer: Shutting down movie player
[2017.06.09-09.30.59:809][155]LogExit: Preparing to exit.
[2017.06.09-09.30.59:901][155]LogExit: Game engine shut down
[2017.06.09-09.31.00:101][155]LogObj: Freed 32b from 1 cluster array pools.
[2017.06.09-09.31.00:101][155]LogExit: Object subsystem successfully closed.
[2017.06.09-09.31.00:113][155]LogD3D11RHI: Shutdown
[2017.06.09-09.31.00:113][155]LogD3D11RHI: CleanupD3DDevice
[2017.06.09-09.31.00:300][155]LogD3D11RHI: ~FD3D11DynamicRHI
[2017.06.09-09.31.00:302][155]LogHttp:Display: Http module shutting down, but needs to wait on 1 outstanding Http requests:
[2017.06.09-09.31.00:302][155]LogHttp:Display: 	verb=[POST] url=[https://datarouter.ol.epicgames.com/datarouter/api/v1/public/data?SessionID=%7BC6185148-43D2-EDF5-D8C2-75B6323DDF21%7D&AppID=UEGame.Rocket.Release%7C080E7E60454F4E42501A36962217C0AA%7CThird%20Person%20BP%20Game%20Template&AppVersion=4.14.3-3249277%2B%2B%2BUE4%2BRelease-4.14&UserID=ANON-%7BFDDABF10-4D09-D269-9BD8-0891DD73968E%7D%7C%7C&AppEnvironment=datacollector-binary&UploadType=eteventstream] status=Processing
[2017.06.09-09.31.00:302][155]LogHttp:Display: Sleeping 0.5s to wait for 1 outstanding Http requests.
[2017.06.09-09.31.00:803][155]LogHttp:Display: Sleeping 0.5s to wait for 1 outstanding Http requests.
[2017.06.09-09.31.01:325][155]LogModuleManager: Shutting down and abandoning module AutomationController (68)
[2017.06.09-09.31.01:325][155]LogModuleManager: Shutting down and abandoning module AutomationWorker (67)
[2017.06.09-09.31.01:325][155]LogModuleManager: Shutting down and abandoning module GameplayDebugger (66)
[2017.06.09-09.31.01:325][155]LogModuleManager: Shutting down and abandoning module AIModule (65)
[2017.06.09-09.31.01:325][155]LogModuleManager: Shutting down and abandoning module CharacterAI (64)
[2017.06.09-09.31.01:325][155]LogModuleManager: Shutting down and abandoning module AndroidMediaFactory (63)
[2017.06.09-09.31.01:325][155]LogModuleManager: Shutting down and abandoning module AvfMediaFactory (62)
[2017.06.09-09.31.01:325][155]LogModuleManager: Shutting down and abandoning module Media (61)
[2017.06.09-09.31.01:326][155]LogModuleManager: Shutting down and abandoning module WmfMediaFactory (60)
[2017.06.09-09.31.01:326][155]LogModuleManager: Shutting down and abandoning module SessionServices (59)
[2017.06.09-09.31.01:326][155]LogModuleManager: Shutting down and abandoning module GeometryCache (58)
[2017.06.09-09.31.01:326][155]LogModuleManager: Shutting down and abandoning module Niagara (57)
[2017.06.09-09.31.01:326][155]LogModuleManager: Shutting down and abandoning module StreamingPauseRendering (56)
[2017.06.09-09.31.01:326][155]LogModuleManager: Shutting down and abandoning module AnalyticsET (55)
[2017.06.09-09.31.01:326][155]LogModuleManager: Shutting down and abandoning module ProfilerService (54)
[2017.06.09-09.31.01:493][155]LogModuleManager: Shutting down and abandoning module TaskGraph (53)
[2017.06.09-09.31.01:493][155]LogModuleManager: Shutting down and abandoning module HTML5Networking (52)
[2017.06.09-09.31.01:493][155]LogModuleManager: Shutting down and abandoning module ArchVisCharacter (50)
[2017.06.09-09.31.01:493][155]LogModuleManager: Shutting down and abandoning module CableComponent (49)
[2017.06.09-09.31.01:493][155]LogModuleManager: Shutting down and abandoning module CustomMeshComponent (48)
[2017.06.09-09.31.01:493][155]LogModuleManager: Shutting down and abandoning module MobilePatchingUtils (47)
[2017.06.09-09.31.01:493][155]LogModuleManager: Shutting down and abandoning module OculusInput (46)
[2017.06.09-09.31.01:493][155]LogModuleManager: Shutting down and abandoning module OculusLibrary (45)
[2017.06.09-09.31.01:493][155]LogModuleManager: Shutting down and abandoning module ProceduralMeshComponent (44)
[2017.06.09-09.31.01:493][155]LogModuleManager: Shutting down and abandoning module SteamVRController (43)
[2017.06.09-09.31.01:493][155]LogModuleManager: Shutting down and abandoning module SteamVR (42)
[2017.06.09-09.31.01:493][155]LogModuleManager: Shutting down and abandoning module SlateRemote (41)
[2017.06.09-09.31.01:493][155]LogModuleManager: Shutting down and abandoning module Paper2D (40)
[2017.06.09-09.31.01:493][155]LogModuleManager: Shutting down and abandoning module LightPropagationVolumeRuntime (39)
[2017.06.09-09.31.01:493][155]LogModuleManager: Shutting down and abandoning module TcpMessaging (38)
[2017.06.09-09.31.01:493][155]LogModuleManager: Shutting down and abandoning module UdpMessaging (37)
[2017.06.09-09.31.01:493][155]LogModuleManager: Shutting down and abandoning module WmfMedia (36)
[2017.06.09-09.31.01:493][155]LogModuleManager: Shutting down and abandoning module WindowsMoviePlayer (35)
[2017.06.09-09.31.01:493][155]LogModuleManager: Shutting down and abandoning module ImageWrapper (34)
[2017.06.09-09.31.01:494][155]LogModuleManager: Shutting down and abandoning module MediaAssets (33)
[2017.06.09-09.31.01:494][155]LogModuleManager: Shutting down and abandoning module GameLiveStreaming (32)
[2017.06.09-09.31.01:494][155]LogModuleManager: Shutting down and abandoning module UMG (31)
[2017.06.09-09.31.01:494][155]LogModuleManager: Shutting down and abandoning module SlateReflector (30)
[2017.06.09-09.31.01:494][155]LogModuleManager: Shutting down and abandoning module Slate (29)
[2017.06.09-09.31.01:494][155]LogModuleManager: Shutting down and abandoning module Messaging (28)
[2017.06.09-09.31.01:494][155]LogModuleManager: Shutting down and abandoning module HeadMountedDisplay (27)
[2017.06.09-09.31.01:494][155]LogModuleManager: Shutting down and abandoning module XAudio2 (26)
[2017.06.09-09.31.01:494][155]LogModuleManager: Shutting down and abandoning module Networking (24)
[2017.06.09-09.31.01:494][155]LogModuleManager: Shutting down and abandoning module Core (23)
[2017.06.09-09.31.01:494][155]LogModuleManager: Shutting down and abandoning module AssetRegistry (22)
[2017.06.09-09.31.01:495][155]LogModuleManager: Shutting down and abandoning module InputCore (21)
[2017.06.09-09.31.01:495][155]LogModuleManager: Shutting down and abandoning module OnlineSubsystem (20)
[2017.06.09-09.31.01:495][155]LogOnline:Display: Unloading online subsystem: NULL
[2017.06.09-09.31.01:495][155]LogModuleManager: Shutting down and abandoning module ExampleDeviceProfileSelector (18)
[2017.06.09-09.31.01:495][155]LogModuleManager: Shutting down and abandoning module OculusRift (17)
[2017.06.09-09.31.01:495][155]LogModuleManager: Shutting down and abandoning module SSL (16)
[2017.06.09-09.31.01:495][155]LogModuleManager: Shutting down and abandoning module HTTP (15)
[2017.06.09-09.31.01:495][155]LogModuleManager: Shutting down and abandoning module ShaderCore (13)
[2017.06.09-09.31.01:495][155]LogModuleManager: Shutting down and abandoning module Landscape (12)
[2017.06.09-09.31.01:495][155]LogModuleManager: Shutting down and abandoning module SlateRHIRenderer (11)
[2017.06.09-09.31.01:496][155]LogModuleManager: Shutting down and abandoning module OpenGLDrv (10)
[2017.06.09-09.31.01:496][155]LogModuleManager: Shutting down and abandoning module D3D11RHI (9)
[2017.06.09-09.31.01:496][155]LogModuleManager: Shutting down and abandoning module AnimGraphRuntime (8)
[2017.06.09-09.31.01:496][155]LogModuleManager: Shutting down and abandoning module Renderer (7)
[2017.06.09-09.31.01:496][155]LogModuleManager: Shutting down and abandoning module Engine (6)
[2017.06.09-09.31.01:496][155]LogModuleManager: Shutting down and abandoning module CoreUObject (5)
[2017.06.09-09.31.01:496][155]LogModuleManager: Shutting down and abandoning module NetworkFile (4)
[2017.06.09-09.31.01:496][155]LogModuleManager: Shutting down and abandoning module StreamingFile (3)
[2017.06.09-09.31.01:496][155]LogModuleManager: Shutting down and abandoning module SandboxFile (2)
[2017.06.09-09.31.01:496][155]LogModuleManager: Shutting down and abandoning module PakFile (1)
[2017.06.09-09.31.01:498][155]LogExit: Exiting.
[2017.06.09-09.31.01:500][155]Log file closed, 06/09/17 11:31:01
