"../../../Engine/Content/Functions/Engine_MaterialFunctions01/Opacity/CameraDepthFade.uasset" 0
"../../../Engine/Content/EngineMaterials/T_Default_Material_Grid_M.uasset" 1
"../../../Engine/Content/EngineMaterials/T_Default_Material_Grid_N.uasset" 2
"../../../Engine/Content/EngineMaterials/DefaultMaterial.uasset" 3
"../../../Engine/Content/BasicShapes/Cone.uasset" 4
"../../../Engine/Content/BasicShapes/Sphere.uasset" 5
"../../../Engine/Content/EditorLandscapeResources/DataLayer.uasset" 6
"../../../Engine/Content/EditorMaterials/GizmoMaterial.uasset" 7
"../../../Engine/Content/EditorMaterials/MAT_Groups_Toggle.uasset" 8
"../../../Engine/Content/EditorMaterials/MAT_Groups_Visibility.uasset" 9
"../../../Engine/Content/EditorMaterials/PreviewShadowIndicator.uasset" 10
"../../../Engine/Content/EditorMaterials/PreviewShadowIndicatorMaterial.uasset" 11
"../../../Engine/Content/EditorMaterials/AssetViewer/EpicQuadPanorama_CC+EV1.uasset" 12
"../../../Engine/Content/EditorMaterials/MatineeGroups/MAT_ColorTrack.uasset" 13
"../../../Engine/Content/EditorMaterials/MatineeGroups/MAT_Groups_Anim.uasset" 14
"../../../Engine/Content/EditorMaterials/MatineeGroups/MAT_Groups_AudioMaster.uasset" 15
"../../../Engine/Content/EditorMaterials/MatineeGroups/MAT_Groups_Director.uasset" 16
"../../../Engine/Content/EditorMaterials/MatineeGroups/MAT_Groups_Event.uasset" 17
"../../../Engine/Content/EditorMaterials/MatineeGroups/MAT_Groups_Fade.uasset" 18
"../../../Engine/Content/EditorMaterials/MatineeGroups/MAT_Groups_Float.uasset" 19
"../../../Engine/Content/EditorMaterials/MatineeGroups/MAT_Groups_Move.uasset" 20
"../../../Engine/Content/EditorMaterials/MatineeGroups/MAT_Groups_Slomo.uasset" 21
"../../../Engine/Content/EditorMaterials/MatineeGroups/MAT_Groups_Sound.uasset" 22
"../../../Engine/Content/EditorMaterials/MatineeGroups/MAT_Groups_Vector.uasset" 23
"../../../Engine/Content/EditorMaterials/ParticleSystems/PSysThumbnail_NoImage.uasset" 24
"../../../Engine/Content/EditorMaterials/ParticleSystems/PSysThumbnail_OOD.uasset" 25
"../../../Engine/Content/EditorMaterials/Camera/CineMat.uasset" 26
"../../../Engine/Content/EditorMaterials/Camera/MI_CineMat_Rig.uasset" 27
"../../../Engine/Content/EditorMeshes/Camera/SM_CraneRig_Arm.uasset" 28
"../../../Engine/Content/EditorMeshes/Camera/SM_CraneRig_Base.uasset" 29
"../../../Engine/Content/EditorMeshes/Camera/SM_CraneRig_Body.uasset" 30
"../../../Engine/Content/EditorMeshes/Camera/SM_CraneRig_Mount.uasset" 31
"../../../Engine/Content/EditorMeshes/Camera/SM_RailRig_Mount.uasset" 32
"../../../Engine/Content/EditorMeshes/Camera/SM_RailRig_Track.uasset" 33
"../../../Engine/Content/EditorResources/BSPVertex.uasset" 34
"../../../Engine/Content/EditorResources/EmptyActor.uasset" 35
"../../../Engine/Content/EditorResources/RGBTable16x1_AssetViewer.uasset" 36
"../../../Engine/Content/EditorResources/S_Actor.uasset" 37
"../../../Engine/Content/EditorResources/S_Trigger.uasset" 38
"../../../Engine/Content/EditorResources/AudioIcons/S_AudioComponent.uasset" 39
"../../../Engine/Content/EditorResources/AudioIcons/S_AudioComponent_AutoActivate.uasset" 40
"../../../Engine/Content/EditorResources/LightIcons/S_LightError.uasset" 41
"../../../Engine/Content/EditorResources/SequenceRecorder/Countdown.uasset" 42
"../../../Engine/Content/EditorResources/SequenceRecorder/RecordingIndicator.uasset" 43
"../../../Engine/Content/EditorSounds/Notifications/CompileFailed.uasset" 44
"../../../Engine/Content/EditorSounds/Notifications/CompileFailed_Cue.uasset" 45
"../../../Engine/Content/EditorSounds/Notifications/CompileSuccess.uasset" 46
"../../../Engine/Content/EditorSounds/Notifications/CompileStart_Cue.uasset" 47
"../../../Engine/Content/EditorSounds/Notifications/CompileSuccess_Cue.uasset" 48
"../../../Engine/Content/EngineDamageTypes/DmgTypeBP_Environmental.uasset" 49
"../../../Engine/Content/EngineDebugMaterials/HeatmapGradient.uasset" 50
"../../../Engine/Content/EngineDebugMaterials/BoneWeightMaterial.uasset" 51
"../../../Engine/Content/EngineDebugMaterials/DebugMeshMaterial.uasset" 52
"../../../Engine/Content/EngineDebugMaterials/GeomMaterial.uasset" 53
"../../../Engine/Content/EngineFonts/Roboto.uasset" 54
"../../../Engine/Content/EngineFonts/RobotoTiny.uasset" 55
"../../../Engine/Content/EngineMaterials/DefaultBokeh.uasset" 56
"../../../Engine/Content/EngineMaterials/DefaultDiffuse.uasset" 57
"../../../Engine/Content/EngineMaterials/DefaultDeferredDecalMaterial.uasset" 58
"../../../Engine/Content/EngineMaterials/DefaultLightFunctionMaterial.uasset" 59
"../../../Engine/Content/EngineMaterials/DefaultPhysicalMaterial.uasset" 60
"../../../Engine/Content/Functions/Engine_MaterialFunctions02/Utility/BreakOutFloat2Components.uasset" 61
"../../../Engine/Content/EngineMaterials/DefaultPostProcessMaterial.uasset" 62
"../../../Engine/Content/EngineFonts/RobotoDistanceField.uasset" 63
"../../../Engine/Content/EngineMaterials/DefaultTextMaterialOpaque.uasset" 64
"../../../Engine/Content/EngineMaterials/DefaultWhiteGrid.uasset" 65
"../../../Engine/Content/EngineMaterials/EditorBrushMaterial.uasset" 66
"../../../Engine/Content/EngineMaterials/Good64x64TilingNoiseHighFreq.uasset" 67
"../../../Engine/Content/EngineMaterials/MiniFont.uasset" 68
"../../../Engine/Content/EngineMaterials/InvalidLightmapSettings.uasset" 69
"../../../Engine/Content/EngineMaterials/M_InvalidLightmapSettings.uasset" 70
"../../../Engine/Content/EngineMaterials/PhAT_JointLimitMaterial.uasset" 71
"../../../Engine/Content/EngineMaterials/PreintegratedSkinBRDF.uasset" 72
"../../../Engine/Content/EngineMaterials/RemoveSurfaceMaterial.uasset" 73
"../../../Engine/Content/EngineMaterials/WeightMapPlaceholderTexture.uasset" 74
"../../../Engine/Content/EngineResources/WhiteSquareTexture.uasset" 75
"../../../Engine/Content/EngineMaterials/Widget3DPassThrough.uasset" 76
"../../../Engine/Content/EngineMaterials/Widget3DPassThrough_Masked.uasset" 77
"../../../Engine/Content/EngineMaterials/Widget3DPassThrough_Opaque.uasset" 78
"../../../Engine/Content/EngineMaterials/Widget3DPassThrough_Masked_OneSided.uasset" 79
"../../../Engine/Content/EngineMaterials/Widget3DPassThrough_Opaque_OneSided.uasset" 80
"../../../Engine/Content/EngineMaterials/Widget3DPassThrough_Translucent.uasset" 81
"../../../Engine/Content/EngineMaterials/Widget3DPassThrough_Translucent_OneSided.uasset" 82
"../../../Engine/Content/EngineMeshes/Cube.uasset" 83
"../../../Engine/Content/EngineMeshes/Cylinder.uasset" 84
"../../../Engine/Content/EngineMeshes/Sphere.uasset" 85
"../../../Engine/Content/EngineResources/AICON-Green.uasset" 86
"../../../Engine/Content/EngineResources/AICON-Red.uasset" 87
"../../../Engine/Content/EngineResources/Black.uasset" 88
"../../../Engine/Content/EngineResources/DefaultTexture.uasset" 89
"../../../Engine/Content/EngineResources/DefaultTextureCube.uasset" 90
"../../../Engine/Content/EngineResources/GradientTexture0.uasset" 91
"../../../Engine/Content/EngineSounds/Master.uasset" 92
"../../../Engine/Content/EngineSounds/MasterSubmix.uasset" 93
"../../../Engine/Content/EngineTireTypes/DefaultTireType.uasset" 94
"../../../Engine/Content/Functions/Engine_MaterialFunctions01/Shading/ConvertFromDiffSpec.uasset" 95
"../../../Engine/Content/Functions/Engine_MaterialFunctions01/Shading/PowerToRoughness.uasset" 96
"../../../Engine/Content/Maps/Templates/Thumbnails/Default.uasset" 97
"../../../Engine/Content/Maps/Templates/Thumbnails/VR-Basic.uasset" 98
"../../../Engine/Content/MobileResources/T_MobileControls_texture.uasset" 99
"../../../Engine/Content/MobileResources/T_MobileMenu2.uasset" 100
"../../../Engine/Content/MobileResources/HUD/AnalogHat.uasset" 101
"../../../Engine/Content/MobileResources/HUD/VirtualJoystick_Background.uasset" 102
"../../../Engine/Content/MobileResources/HUD/VirtualJoystick_Thumb.uasset" 103
"../../../Engine/Content/MobileResources/HUD/DefaultVirtualJoysticks.uasset" 104
"../../../Engine/Content/MobileResources/HUD/LeftVirtualJoystickOnly.uasset" 105
"../../../Engine/Content/MobileResources/HUD/MobileHUDButton1_off.uasset" 106
"../../../Engine/Content/MobileResources/HUD/MobileHUDButton1_on.uasset" 107
"../../../Engine/Content/MobileResources/HUD/MobileHUDButton2_off.uasset" 108
"../../../Engine/Content/MobileResources/HUD/MobileHUDButton2_on.uasset" 109
"../../../Engine/Content/MobileResources/HUD/MobileHUDButton3.uasset" 110
"../../../Engine/Content/MobileResources/HUD/MobileHUDButtonFire.uasset" 111
"../../../Engine/Content/MobileResources/HUD/MobileHUDDirectionPad.uasset" 112
"../../../Engine/Content/MobileResources/HUD/MobileHUDDirectionPad2.uasset" 113
"../../../Engine/Content/MobileResources/HUD/MobileHUDDirectionPad3.uasset" 114
"../../../Engine/Content/MobileResources/HUD/MobileHUDDirectionStick.uasset" 115
"../../../Engine/Content/MobileResources/HUD/T_Castle_ThumbstickInner.uasset" 116
"../../../Engine/Content/MobileResources/HUD/T_Castle_ThumbstickOutter.uasset" 117
"../../../Engine/Content/Tutorial/ContentIntroCurve.uasset" 118
"../../../Engine/Content/Tutorial/Basics/TutorialAssets/icon_tab_Levels_40x.uasset" 119
"../../../Engine/Content/Tutorial/BlueprintTutorials/TutorialAssets/BlueprintInterface_64x.uasset" 120
"../../../Engine/Content/Tutorial/BlueprintTutorials/TutorialAssets/BlueprintMacroLibrary_64x.uasset" 121
"../../../Engine/Content/Tutorial/BlueprintTutorials/TutorialAssets/Blueprint_64x.uasset" 122
"../../../Engine/Content/Tutorial/BlueprintTutorials/TutorialAssets/Tutorial_BP_Interface.uasset" 123
"../../../Engine/Content/Tutorial/Foliage/TutorialAssets/Foliage.uasset" 124
"../../../Engine/Content/Tutorial/Landscape/TutorialAssets/Landscape.uasset" 125
"../../../Engine/Content/Tutorial/Paper2D/TutorialAssets/Paper2DFlipbook_TutorialIcon.uasset" 126
"../../../Engine/Content/Tutorial/Paper2D/TutorialAssets/Paper2DSprite_TutorialIcon.uasset" 127
"../../../Engine/Content/Tutorial/SubEditors/TutorialAssets/icon_Editor_Preferences_General_40x.uasset" 128
"../../../Engine/Content/Tutorial/SubEditors/TutorialAssets/icon_ShowSkeletalMeshes_40x.uasset" 129
"../../../Engine/Content/Tutorial/SubEditors/TutorialAssets/TutorialMaterial.uasset" 130
"../../../Engine/Content/Tutorial/SubEditors/TutorialAssets/T_SmokeSubUV_8X8.uasset" 131
"../../../Engine/Content/Tutorial/SubEditors/TutorialAssets/T_soft_smoke.uasset" 132
"../../../Engine/Content/Tutorial/SubEditors/TutorialAssets/M_smoke_subUV_blackbody.uasset" 133
"../../../Engine/Content/Tutorial/SubEditors/TutorialAssets/TutorialParticleSystem.uasset" 134
"../../../Engine/Content/EngineMaterials/WorldGridMaterial.uasset" 135
"../../../Engine/Content/EditorMeshes/EditorCube.uasset" 136
"../../../Engine/Content/Tutorial/SubEditors/TutorialAssets/Tutorial_DM.uasset" 137
"../../../Engine/Content/VREditor/Devices/Generic/GenericHMDMaterial.uasset" 138
"../../../Engine/Content/VREditor/Devices/Generic/GenericHMD.uasset" 139
"../../../Engine/Content/VREditor/FloatingText/LineMaterial.uasset" 140
"../../../Engine/Content/VREditor/FloatingText/JointSphere.uasset" 141
"../../../Engine/Content/VREditor/FloatingText/LineSegmentCylinder.uasset" 142
"../../../Engine/Content/VREditor/Fonts/VRText_RobotoLarge.uasset" 143
"../../../Engine/Content/VREditor/Fonts/VRTextMaterial.uasset" 144
"../../../Engine/Content/VREditor/Fonts/TranslucentVRTextMaterial.uasset" 145
"../../../Engine/Content/VREditor/LaserPointer/VR_LaserPower_01.uasset" 146
"../../../Engine/Content/VREditor/LaserPointer/LaserPointerMaterial.uasset" 147
"../../../Engine/Content/VREditor/LaserPointer/LaserPointerMaterialInst.uasset" 148
"../../../Engine/Content/VREditor/LaserPointer/TranslucentLaserPointerMaterialInst.uasset" 149
"../../../Engine/Content/VREditor/LaserPointer/LaserPointerMesh.uasset" 150
"../../../Engine/Content/VREditor/Sounds/VR_grab_Cue.uasset" 151
"../../../Engine/Content/VREditor/Sounds/VR_teleport_Cue.uasset" 152
"../../../Engine/Content/VREditor/TransformGizmo/TransformGizmoMaterial.uasset" 153
"../../../Engine/Content/VREditor/TransformGizmo/TranslucentTransformGizmoMaterial.uasset" 154
"../../../Engine/Content/VREditor/TransformGizmo/BoundingBoxCorner.uasset" 155
"../../../Engine/Content/VREditor/TransformGizmo/BoundingBoxEdge.uasset" 156
"../../../Engine/Content/VREditor/TransformGizmo/PlaneTranslationHandle.uasset" 157
"../../../Engine/Content/VREditor/TransformGizmo/RotationHandle.uasset" 158
"../../../Engine/Content/VREditor/TransformGizmo/RotationHandleFull.uasset" 159
"../../../Engine/Content/VREditor/TransformGizmo/StretchingHandle.uasset" 160
"../../../Engine/Content/VREditor/TransformGizmo/TranslateHandleLong.uasset" 161
"../../../Engine/Content/VREditor/TransformGizmo/TranslationHandle.uasset" 162
"../../../Engine/Content/VREditor/TransformGizmo/UniformScaleHandle.uasset" 163
"../../../Engine/Content/VREditor/UI/CloseButtonMesh.uasset" 164
"../../../Engine/Content/VREditor/UI/SelectionBarMesh.uasset" 165
"../../../Engine/Content/Functions/Engine_MaterialFunctions01/Gradient/RadialGradient.uasset" 166
"../../../Engine/Content/VREditor/WorldMovementGrid/SimpleGrid.uasset" 167
"../../../Engine/Content/VREditor/WorldMovementGrid/GridMaterial.uasset" 168
"../../../Engine/Content/Functions/Engine_MaterialFunctions01/Density/ExponentialDensity.uasset" 169
"../../../Engine/Content/VREditor/WorldMovementGrid/GridPostProcess.uasset" 170
"../../../Engine/Content/EditorLandscapeResources/FlattenHeightMat.uasset" 171
"../../../Engine/Content/VREditor/WorldMovementGrid/PlaneMesh.uasset" 172
"../../../C4IATontaLimpio/Content/Conecta4/HUD/iconos/boton_pulsado.uasset" 173
"../../../C4IATontaLimpio/Content/Conecta4/HUD/iconos/melodia.uasset" 174
"../../../C4IATontaLimpio/Content/Conecta4/HUD/iconos/play_pulsado.uasset" 175
"../../../C4IATontaLimpio/Content/Conecta4/HUD/iconos/sonido_boton_pulsado.uasset" 176
"../../../C4IATontaLimpio/Content/Conecta4/Mapa/Mapa_data.uasset" 177
"../../../C4IATontaLimpio/Content/StarterContent/Textures/T_MacroVariation.uasset" 178
"../../../C4IATontaLimpio/Content/Conecta4/Materiales/MiMaterialChrome2.uasset" 179
"../../../C4IATontaLimpio/Content/Conecta4/Otros/Mapa_BuiltData.uasset" 180
"../../../C4IATontaLimpio/Content/Geometry/Meshes/CubeMaterial.uasset" 181
"../../../C4IATontaLimpio/Content/Geometry/Meshes/1M_Cube_Chamfer.uasset" 182
"../../../C4IATontaLimpio/Content/Mannequin/Character/Mesh/UE4_Mannequin_Skeleton.uasset" 183
"../../../C4IATontaLimpio/Content/Mannequin/Animations/ThirdPersonJump_End.uasset" 184
"../../../C4IATontaLimpio/Content/StarterContent/Materials/M_Basic_Wall.uasset" 185
"../../../C4IATontaLimpio/Content/StarterContent/Architecture/Pillar_50x500.uasset" 186
"../../../C4IATontaLimpio/Content/StarterContent/Architecture/Wall_400x300.uasset" 187
"../../../C4IATontaLimpio/Content/StarterContent/Architecture/Wall_400x400.uasset" 188
"../../../C4IATontaLimpio/Content/StarterContent/Architecture/Wall_500x500.uasset" 189
"../../../C4IATontaLimpio/Content/StarterContent/Architecture/Wall_Door_400x400.uasset" 190
"../../../C4IATontaLimpio/Content/StarterContent/Architecture/Wall_Window_400x400.uasset" 191
"../../../C4IATontaLimpio/Content/StarterContent/Audio/Light01_Cue.uasset" 192
"../../../C4IATontaLimpio/Content/StarterContent/Audio/Light02_Cue.uasset" 193
"../../../C4IATontaLimpio/Content/StarterContent/Audio/Explosion_Cue.uasset" 194
"../../../C4IATontaLimpio/Content/StarterContent/Textures/T_Burst_M.uasset" 195
"../../../C4IATontaLimpio/Content/StarterContent/Particles/Materials/M_Burst.uasset" 196
"../../../C4IATontaLimpio/Content/StarterContent/Textures/T_Explosion_SubUV.uasset" 197
"../../../C4IATontaLimpio/Content/StarterContent/Particles/Materials/M_explosion_subUV.uasset" 198
"../../../C4IATontaLimpio/Content/StarterContent/Particles/Materials/m_flare_01.uasset" 199
"../../../C4IATontaLimpio/Content/StarterContent/Particles/Materials/M_radial_ramp.uasset" 200
"../../../C4IATontaLimpio/Content/StarterContent/Textures/T_Smoke_SubUV.uasset" 201
"../../../C4IATontaLimpio/Content/StarterContent/Textures/T_Smoke_Tiled_D.uasset" 202
"../../../C4IATontaLimpio/Content/StarterContent/Particles/Materials/M_smoke_subUV.uasset" 203
"../../../C4IATontaLimpio/Content/StarterContent/Particles/P_Explosion.uasset" 204
"../../../C4IATontaLimpio/Content/StarterContent/Blueprints/Blueprint_Effect_Explosion.uasset" 205
"../../../Engine/Content/EditorMeshes/ColorCalibrator/T_ColorGrid.uasset" 206
"../../../C4IATontaLimpio/Content/StarterContent/Materials/M_ColorGrid_LowSpec.uasset" 207
"../../../C4IATontaLimpio/Content/StarterContent/Textures/T_Bush_D.uasset" 208
"../../../C4IATontaLimpio/Content/StarterContent/Textures/T_Bush_N.uasset" 209
"../../../C4IATontaLimpio/Content/StarterContent/Props/Materials/M_Bush.uasset" 210
"../../../C4IATontaLimpio/Content/StarterContent/Props/SM_Bush.uasset" 211
"../../../C4IATontaLimpio/Content/StarterContent/Textures/T_Chair_M.uasset" 212
"../../../C4IATontaLimpio/Content/StarterContent/Textures/T_Chair_N.uasset" 213
"../../../C4IATontaLimpio/Content/StarterContent/Props/Materials/M_Chair.uasset" 214
"../../../C4IATontaLimpio/Content/StarterContent/Props/SM_Couch.uasset" 215
"../../../C4IATontaLimpio/Content/StarterContent/Materials/M_Glass.uasset" 216
"../../../C4IATontaLimpio/Content/StarterContent/Textures/T_Door_M.uasset" 217
"../../../C4IATontaLimpio/Content/StarterContent/Textures/T_Door_N.uasset" 218
"../../../C4IATontaLimpio/Content/StarterContent/Props/Materials/M_Door.uasset" 219
"../../../C4IATontaLimpio/Content/StarterContent/Props/SM_Door.uasset" 220
"../../../C4IATontaLimpio/Content/StarterContent/Props/Materials/M_MaterialSphere.uasset" 221
"../../../C4IATontaLimpio/Content/StarterContent/Props/Materials/M_MaterialSphere_Plain.uasset" 222
"../../../C4IATontaLimpio/Content/StarterContent/Props/SM_MatPreviewMesh_02.uasset" 223
"../../../Engine/Content/Functions/Engine_MaterialFunctions02/Utility/BlendAngleCorrectedNormals.uasset" 224
"../../../C4IATontaLimpio/Content/StarterContent/Textures/T_Detail_Rocky_N.uasset" 225
"../../../C4IATontaLimpio/Content/StarterContent/Textures/T_Rock_Basalt_D.uasset" 226
"../../../C4IATontaLimpio/Content/StarterContent/Textures/T_RockMesh_M.uasset" 227
"../../../C4IATontaLimpio/Content/StarterContent/Textures/T_RockMesh_N.uasset" 228
"../../../C4IATontaLimpio/Content/StarterContent/Props/Materials/M_Rock.uasset" 229
"../../../C4IATontaLimpio/Content/StarterContent/Props/SM_Rock.uasset" 230
"../../../C4IATontaLimpio/Content/StarterContent/Textures/T_Shelf_M.uasset" 231
"../../../C4IATontaLimpio/Content/StarterContent/Textures/T_Shelf_N.uasset" 232
"../../../C4IATontaLimpio/Content/StarterContent/Props/Materials/M_Shelf.uasset" 233
"../../../C4IATontaLimpio/Content/StarterContent/Props/SM_Shelf.uasset" 234
"../../../C4IATontaLimpio/Content/StarterContent/Materials/M_Basic_Floor.uasset" 235
"../../../C4IATontaLimpio/Content/StarterContent/Props/SM_Stairs.uasset" 236
"../../../C4IATontaLimpio/Content/StarterContent/Shapes/Shape_Cone.uasset" 237
"../../../C4IATontaLimpio/Content/StarterContent/Shapes/Shape_Cylinder.uasset" 238
"../../../C4IATontaLimpio/Content/StarterContent/Shapes/Shape_NarrowCapsule.uasset" 239
"../../../C4IATontaLimpio/Content/StarterContent/Shapes/Shape_Pipe.uasset" 240
"../../../C4IATontaLimpio/Content/StarterContent/Shapes/Shape_Pipe_180.uasset" 241
"../../../C4IATontaLimpio/Content/StarterContent/Shapes/Shape_Pipe_90.uasset" 242
"../../../C4IATontaLimpio/Content/StarterContent/Shapes/Shape_Plane.uasset" 243
"../../../C4IATontaLimpio/Content/StarterContent/Shapes/Shape_Torus.uasset" 244
"../../../C4IATontaLimpio/Content/StarterContent/Shapes/Shape_Trim.uasset" 245
"../../../C4IATontaLimpio/Content/StarterContent/Shapes/Shape_Trim_90_In.uasset" 246
"../../../C4IATontaLimpio/Content/StarterContent/Shapes/Shape_Trim_90_Out.uasset" 247
"../../../C4IATontaLimpio/Content/StarterContent/Shapes/Shape_TriPyramid.uasset" 248
"../../../C4IATontaLimpio/Content/StarterContent/Shapes/Shape_Tube.uasset" 249
"../../../C4IATontaLimpio/Content/StarterContent/Shapes/Shape_Wedge_A.uasset" 250
"../../../C4IATontaLimpio/Content/StarterContent/Shapes/Shape_Wedge_B.uasset" 251
"../../../C4IATontaLimpio/Content/StarterContent/Shapes/Shape_WideCapsule.uasset" 252
"../../../C4IATontaLimpio/Content/ThirdPerson/Meshes/RampMaterial.uasset" 253
"../../../C4IATontaLimpio/Content/ThirdPerson/Meshes/Bump_StaticMesh.uasset" 254
"../../../C4IATontaLimpio/Content/ThirdPerson/Meshes/LeftArm_StaticMesh.uasset" 255
"../../../C4IATontaLimpio/Content/ThirdPerson/Meshes/Linear_Stair_StaticMesh.uasset" 256
"../../../C4IATontaLimpio/Content/ThirdPerson/Meshes/Ramp_StaticMesh.uasset" 257
"../../../C4IATontaLimpio/Content/ThirdPerson/Meshes/RightArm_StaticMesh.uasset" 258
"../../../Engine/Plugins/2D/Paper2D/Content/DummySprite.uasset" 259
"../../../Engine/Plugins/2D/Paper2D/Content/DefaultPaperTerrainMaterial.uasset" 260
"../../../Engine/Plugins/2D/Paper2D/Content/DefaultSpriteMaterial.uasset" 261
"../../../Engine/Plugins/2D/Paper2D/Content/MaskedUnlitSpriteMaterial.uasset" 262
"../../../Engine/Plugins/2D/Paper2D/Content/OpaqueUnlitSpriteMaterial.uasset" 263
"../../../Engine/Plugins/2D/Paper2D/Content/PlaceholderTextures/DummySpriteTexture.uasset" 264
"../../../Engine/Content/EditorBlueprintResources/StandardMacros.uasset" 265
"../../../Engine/Content/EngineSky/C_Sky_Cloud_Color.uasset" 266
"../../../Engine/Content/EngineSky/C_Sky_Horizon_Color.uasset" 267
"../../../Engine/Content/EngineSky/C_Sky_Zenith_Color.uasset" 268
"../../../Engine/Content/EngineSky/T_Sky_Blue.uasset" 269
"../../../Engine/Content/EngineSky/T_Sky_Clouds_M.uasset" 270
"../../../Engine/Content/EngineSky/T_Sky_Stars.uasset" 271
"../../../Engine/Content/EngineSky/M_Sky_Panning_Clouds2.uasset" 272
"../../../Engine/Content/EngineSky/SM_SkySphere.uasset" 273
"../../../Engine/Content/EngineSky/BP_Sky_Sphere.uasset" 274
"../../../C4IATontaLimpio/Content/Conecta4/MiniCam/MiniCamText.uasset" 275
"../../../C4IATontaLimpio/Content/Conecta4/HUD/MiHUD.uasset" 276
"../../../C4IATontaLimpio/Content/Mannequin/Animations/ThirdPerson_Jump.uasset" 277
"../../../C4IATontaLimpio/Content/Mannequin/Animations/ThirdPersonJump_Loop.uasset" 278
"../../../C4IATontaLimpio/Content/Mannequin/Animations/ThirdPersonJump_Start.uasset" 279
"../../../C4IATontaLimpio/Content/Mannequin/Animations/ThirdPersonIdle.uasset" 280
"../../../C4IATontaLimpio/Content/Mannequin/Animations/ThirdPersonRun.uasset" 281
"../../../C4IATontaLimpio/Content/Mannequin/Animations/ThirdPersonWalk.uasset" 282
"../../../C4IATontaLimpio/Content/Mannequin/Animations/ThirdPerson_IdleRun_2D.uasset" 283
"../../../C4IATontaLimpio/Content/Mannequin/Animations/ThirdPerson_AnimBP.uasset" 284
"../../../C4IATontaLimpio/Content/StarterContent/Textures/T_Wood_Pine_D.uasset" 285
"../../../C4IATontaLimpio/Content/Conecta4/Materiales/MiMaterialMadera.uasset" 286
"../../../Engine/Content/BasicShapes/Cube.uasset" 287
"../../../C4IATontaLimpio/Content/Conecta4/TableroAutomatico.uasset" 288
"../../../C4IATontaLimpio/Content/StarterContent/Textures/T_Perlin_Noise_M.uasset" 289
"../../../C4IATontaLimpio/Content/StarterContent/Textures/T_Rock_Slate_D.uasset" 290
"../../../C4IATontaLimpio/Content/StarterContent/Textures/T_Rock_Slate_N.uasset" 291
"../../../C4IATontaLimpio/Content/StarterContent/Materials/M_Rock_Slate.uasset" 292
"../../../C4IATontaLimpio/Content/Conecta4/Materiales/MiMaterial.uasset" 293
"../../../C4IATontaLimpio/Content/Conecta4/Materiales/MiMaterialNegro.uasset" 294
"../../../Engine/Content/BasicShapes/Cylinder.uasset" 295
"../../../C4IATontaLimpio/Content/Conecta4/Mesh/Cubo.uasset" 296
"../../../C4IATontaLimpio/Content/Conecta4/Ficha.uasset" 297
"../../../C4IATontaLimpio/Content/Conecta4/Materiales/MiMaterialAzul.uasset" 298
"../../../C4IATontaLimpio/Content/Conecta4/Materiales/MiMaterialRojo.uasset" 299
"../../../C4IATontaLimpio/Content/Conecta4/GameMode/MyGameInstance.uasset" 300
"../../../C4IATontaLimpio/Content/Conecta4/Tablero.uasset" 301
"../../../C4IATontaLimpio/Content/Conecta4/Otros/EstadosPartida.uasset" 302
"../../../C4IATontaLimpio/Content/Conecta4/JugadorIA.uasset" 303
"../../../C4IATontaLimpio/Content/Conecta4/MiniCam/MiniCam.uasset" 304
"../../../C4IATontaLimpio/Content/Conecta4/Materiales/MiMaterialAmarillo.uasset" 305
"../../../C4IATontaLimpio/Content/Conecta4/Materiales/MiMaterialMorado.uasset" 306
"../../../C4IATontaLimpio/Content/Conecta4/Materiales/MiMaterialNaranja.uasset" 307
"../../../C4IATontaLimpio/Content/Conecta4/Materiales/MiMaterialVerde.uasset" 308
"../../../C4IATontaLimpio/Content/Conecta4/HUD/iconos/gana_amarillo.uasset" 309
"../../../C4IATontaLimpio/Content/Conecta4/HUD/iconos/cuadro.uasset" 310
"../../../C4IATontaLimpio/Content/Conecta4/HUD/iconos/melodia1.uasset" 311
"../../../C4IATontaLimpio/Content/Conecta4/HUD/iconos/sonido_boton_1.uasset" 312
"../../../C4IATontaLimpio/Content/Conecta4/HUD/iconos/sonido_boton_2.uasset" 313
"../../../C4IATontaLimpio/Content/Conecta4/HUD/Configuracion.uasset" 314
"../../../C4IATontaLimpio/Content/Conecta4/HUD/ElegirIA.uasset" 315
"../../../C4IATontaLimpio/Content/Conecta4/HUD/ElegirColor.uasset" 316
"../../../C4IATontaLimpio/Content/Conecta4/HUD/iconos/conecta4_fondo.uasset" 317
"../../../C4IATontaLimpio/Content/Conecta4/HUD/MenuPrincipal.uasset" 318
"../../../C4IATontaLimpio/Content/Conecta4/HUD/GanaAmarillo.uasset" 319
"../../../C4IATontaLimpio/Content/Conecta4/HUD/iconos/gana_azul.uasset" 320
"../../../C4IATontaLimpio/Content/Conecta4/HUD/GanaAzul.uasset" 321
"../../../C4IATontaLimpio/Content/Conecta4/HUD/iconos/gana_morado.uasset" 322
"../../../C4IATontaLimpio/Content/Conecta4/HUD/GanaMorado.uasset" 323
"../../../C4IATontaLimpio/Content/Conecta4/HUD/iconos/gana_naranja.uasset" 324
"../../../C4IATontaLimpio/Content/Conecta4/HUD/GanaNaranja.uasset" 325
"../../../C4IATontaLimpio/Content/Conecta4/HUD/iconos/gana_rojo.uasset" 326
"../../../C4IATontaLimpio/Content/Conecta4/HUD/GanaRojo.uasset" 327
"../../../C4IATontaLimpio/Content/Conecta4/HUD/iconos/melodia2.uasset" 328
"../../../C4IATontaLimpio/Content/Conecta4/HUD/iconos/empate.uasset" 329
"../../../C4IATontaLimpio/Content/Conecta4/HUD/Empate.uasset" 330
"../../../C4IATontaLimpio/Content/Conecta4/HUD/iconos/configuracion.uasset" 331
"../../../C4IATontaLimpio/Content/Conecta4/HUD/iconos/configuracion_pulsado.uasset" 332
"../../../C4IATontaLimpio/Content/Conecta4/HUD/iconos/pausa_pulsado.uasset" 333
"../../../C4IATontaLimpio/Content/Conecta4/HUD/iconos/pause_icono.uasset" 334
"../../../C4IATontaLimpio/Content/Conecta4/HUD/iconos/play_icono.uasset" 335
"../../../C4IATontaLimpio/Content/Conecta4/HUD/JuegoHUD.uasset" 336
"../../../C4IATontaLimpio/Content/Conecta4/Otros/Orientacioes.uasset" 337
"../../../C4IATontaLimpio/Content/Conecta4/Juego.uasset" 338
"../../../C4IATontaLimpio/Content/Conecta4/HUD/iconos/confirmar_ficha_sonido.uasset" 339
"../../../C4IATontaLimpio/Content/Conecta4/HUD/iconos/sonido_empate.uasset" 340
"../../../C4IATontaLimpio/Content/Conecta4/HUD/iconos/sonido_ganar.uasset" 341
"../../../Engine/Content/Functions/MaterialLayerFunctions/MatLayerBlend_NormalBlend.uasset" 342
"../../../Engine/Content/Functions/MaterialLayerFunctions/MatLayerBlend_Simple.uasset" 343
"../../../C4IATontaLimpio/Content/Mannequin/Character/Materials/MaterialLayers/T_ML_Rubber_Blue_01_D.uasset" 344
"../../../C4IATontaLimpio/Content/Mannequin/Character/Materials/MaterialLayers/T_ML_Rubber_Blue_01_N.uasset" 345
"../../../C4IATontaLimpio/Content/Mannequin/Character/Materials/MaterialLayers/ML_GlossyBlack_Latex_UE4.uasset" 346
"../../../C4IATontaLimpio/Content/Mannequin/Character/Materials/MaterialLayers/ML_Plastic_Shiny_Beige.uasset" 347
"../../../C4IATontaLimpio/Content/Mannequin/Character/Textures/UE4_LOGO_CARD.uasset" 348
"../../../C4IATontaLimpio/Content/Mannequin/Character/Materials/MaterialLayers/ML_Plastic_Shiny_Beige_LOGO.uasset" 349
"../../../C4IATontaLimpio/Content/Mannequin/Character/Materials/MaterialLayers/T_ML_Aluminum01.uasset" 350
"../../../C4IATontaLimpio/Content/Mannequin/Character/Materials/MaterialLayers/T_ML_Aluminum01_N.uasset" 351
"../../../C4IATontaLimpio/Content/Mannequin/Character/Materials/MaterialLayers/ML_SoftMetal_UE4.uasset" 352
"../../../C4IATontaLimpio/Content/Mannequin/Character/Textures/UE4_Mannequin__normals.uasset" 353
"../../../C4IATontaLimpio/Content/Mannequin/Character/Textures/UE4_Mannequin_MAT_MASKA.uasset" 354
"../../../C4IATontaLimpio/Content/Mannequin/Character/Materials/M_UE4Man_Body.uasset" 355
"../../../C4IATontaLimpio/Content/Mannequin/Character/Textures/UE4Man_Logo_N.uasset" 356
"../../../C4IATontaLimpio/Content/Mannequin/Character/Materials/M_UE4Man_ChestLogo.uasset" 357
"../../../C4IATontaLimpio/Content/Mannequin/Character/Mesh/SK_Mannequin_PhysicsAsset.uasset" 358
"../../../C4IATontaLimpio/Content/Mannequin/Character/Mesh/SK_Mannequin.uasset" 359
"../../../C4IATontaLimpio/Content/Conecta4/Jugador.uasset" 360
"../../../C4IATontaLimpio/Content/Conecta4/GameMode/MiGameMode.uasset" 361
"../../../C4IATontaLimpio/Content/Conecta4/Mapa/Mapa_BuiltData.uasset" 362
"../../../C4IATontaLimpio/Content/Conecta4/Materiales/MiMaterialChrome.uasset" 363
"../../../C4IATontaLimpio/Content/Geometry/Meshes/1M_Cube.uasset" 364
"../../../C4IATontaLimpio/Content/Geometry/Meshes/TemplateFloor.uasset" 365
"../../../C4IATontaLimpio/Content/Conecta4/Mapa/Mapa.umap" 366
"../../../C4IATontaLimpio/Content/Conecta4/Mapa/Mapa2.umap" 367
"../../../C4IATontaLimpio/Content/Conecta4/Mapa/MenuPrincipalLevel.umap" 368
"../../../C4IATontaLimpio/Content/StarterContent/Blueprints/Assets/FogBrightnessLUT.uasset" 369
"../../../C4IATontaLimpio/Content/StarterContent/Blueprints/Assets/SunlightColorLUT.uasset" 370
"../../../C4IATontaLimpio/Content/StarterContent/Blueprints/Assets/M_LightStage_Arrows.uasset" 371
"../../../Engine/Content/MapTemplates/Sky/DaylightAmbientCubemap.uasset" 372
"../../../C4IATontaLimpio/Content/StarterContent/Blueprints/Assets/M_LightStage_Skybox_Master.uasset" 373
"../../../C4IATontaLimpio/Content/StarterContent/Blueprints/Assets/M_LightStage_Skybox_Black.uasset" 374
"../../../C4IATontaLimpio/Content/StarterContent/Blueprints/Assets/M_LightStage_Skybox_HDRI.uasset" 375
"../../../Engine/Content/EditorMaterials/Thumbnails/SkySphereMaterial.uasset" 376
"../../../C4IATontaLimpio/Content/StarterContent/Blueprints/Assets/Skybox.uasset" 377
"../../../C4IATontaLimpio/Content/StarterContent/Blueprints/Assets/SM_Arrows.uasset" 378
"../../../C4IATontaLimpio/Content/StarterContent/HDRI/HDRI_Epic_Courtyard_Daylight.uasset" 379
"../../../C4IATontaLimpio/Content/StarterContent/Blueprints/BP_LightStudio.uasset" 380
"../../../C4IATontaLimpio/Content/StarterContent/Materials/M_AssetPlatform.uasset" 381
"../../../Engine/Content/EditorMeshes/ColorCalibrator/M_ChromeBall.uasset" 382
"../../../Engine/Content/EditorMeshes/ColorCalibrator/M_ClearCoat.uasset" 383
"../../../Engine/Content/EditorMeshes/ColorCalibrator/M_ClearCoatBlack.uasset" 384
"../../../Engine/Content/EditorMeshes/ColorCalibrator/M_ColorGrid.uasset" 385
"../../../Engine/Content/EditorMeshes/ColorCalibrator/M_GreyBall.uasset" 386
"../../../Engine/Content/EditorMeshes/ColorCalibrator/SM_ColorCalibrator.uasset" 387
"../../../C4IATontaLimpio/Content/StarterContent/Architecture/SM_AssetPlatform.uasset" 388
"../../../C4IATontaLimpio/Content/StarterContent/Maps/Advanced_Lighting.umap" 389
"../../../C4IATontaLimpio/Content/StarterContent/Materials/M_Metal_Brushed_Nickel.uasset" 390
"../../../C4IATontaLimpio/Content/StarterContent/Textures/T_Metal_Aluminum_D.uasset" 391
"../../../C4IATontaLimpio/Content/StarterContent/Textures/T_Metal_Gold_N.uasset" 392
"../../../C4IATontaLimpio/Content/StarterContent/Materials/M_Metal_Burnished_Steel.uasset" 393
"../../../C4IATontaLimpio/Content/StarterContent/Textures/T_Metal_Copper_D.uasset" 394
"../../../C4IATontaLimpio/Content/StarterContent/Materials/M_Metal_Copper.uasset" 395
"../../../C4IATontaLimpio/Content/StarterContent/Textures/T_Statue_M.uasset" 396
"../../../C4IATontaLimpio/Content/StarterContent/Textures/T_Statue_N.uasset" 397
"../../../C4IATontaLimpio/Content/StarterContent/Props/Materials/M_StatueGlass.uasset" 398
"../../../C4IATontaLimpio/Content/StarterContent/Architecture/Floor_400x400.uasset" 399
"../../../C4IATontaLimpio/Content/StarterContent/Audio/Starter_Background_Cue.uasset" 400
"../../../C4IATontaLimpio/Content/StarterContent/Props/SM_Chair.uasset" 401
"../../../C4IATontaLimpio/Content/StarterContent/Props/Materials/M_Statue.uasset" 402
"../../../C4IATontaLimpio/Content/StarterContent/Props/SM_Statue.uasset" 403
"../../../C4IATontaLimpio/Content/StarterContent/Textures/T_TableRound_M.uasset" 404
"../../../C4IATontaLimpio/Content/StarterContent/Textures/T_TableRound_N.uasset" 405
"../../../C4IATontaLimpio/Content/StarterContent/Props/Materials/M_TableRound.uasset" 406
"../../../C4IATontaLimpio/Content/StarterContent/Props/SM_TableRound.uasset" 407
"../../../C4IATontaLimpio/Content/StarterContent/Maps/Minimal_Default.umap" 408
"../../../C4IATontaLimpio/Content/StarterContent/Audio/Fire01_Cue.uasset" 409
"../../../C4IATontaLimpio/Content/StarterContent/Textures/T_Fire_SubUV.uasset" 410
"../../../C4IATontaLimpio/Content/StarterContent/Textures/T_Fire_Tiled_D.uasset" 411
"../../../C4IATontaLimpio/Content/StarterContent/Particles/Materials/M_Fire_SubUV.uasset" 412
"../../../C4IATontaLimpio/Content/StarterContent/Textures/T_Water_N.uasset" 413
"../../../C4IATontaLimpio/Content/StarterContent/Particles/Materials/M_Heat_Distortion.uasset" 414
"../../../C4IATontaLimpio/Content/StarterContent/Particles/Materials/M_Radial_Gradient.uasset" 415
"../../../C4IATontaLimpio/Content/StarterContent/Particles/P_Fire.uasset" 416
"../../../C4IATontaLimpio/Content/StarterContent/Blueprints/Blueprint_Effect_Fire.uasset" 417
"../../../C4IATontaLimpio/Content/StarterContent/Audio/Smoke01_Cue.uasset" 418
"../../../C4IATontaLimpio/Content/StarterContent/Particles/P_Smoke.uasset" 419
"../../../C4IATontaLimpio/Content/StarterContent/Blueprints/Blueprint_Effect_Smoke.uasset" 420
"../../../C4IATontaLimpio/Content/StarterContent/Audio/Fire_Sparks01_Cue.uasset" 421
"../../../C4IATontaLimpio/Content/StarterContent/Textures/T_Spark_Core.uasset" 422
"../../../C4IATontaLimpio/Content/StarterContent/Particles/Materials/M_Spark.uasset" 423
"../../../C4IATontaLimpio/Content/StarterContent/Particles/P_Sparks.uasset" 424
"../../../C4IATontaLimpio/Content/StarterContent/Blueprints/Blueprint_Effect_Sparks.uasset" 425
"../../../C4IATontaLimpio/Content/StarterContent/Audio/Steam01_Cue.uasset" 426
"../../../C4IATontaLimpio/Content/StarterContent/Particles/P_Steam_Lit.uasset" 427
"../../../C4IATontaLimpio/Content/StarterContent/Blueprints/Blueprint_Effect_Steam.uasset" 428
"../../../C4IATontaLimpio/Content/StarterContent/Textures/T_Lamp_M.uasset" 429
"../../../C4IATontaLimpio/Content/StarterContent/Textures/T_Lamp_N.uasset" 430
"../../../C4IATontaLimpio/Content/StarterContent/Props/Materials/M_Lamp.uasset" 431
"../../../C4IATontaLimpio/Content/StarterContent/Props/SM_Lamp_Ceiling.uasset" 432
"../../../C4IATontaLimpio/Content/StarterContent/Blueprints/Blueprint_CeilingLight.uasset" 433
"../../../C4IATontaLimpio/Content/StarterContent/Props/SM_Lamp_Wall.uasset" 434
"../../../C4IATontaLimpio/Content/StarterContent/Blueprints/Blueprint_WallSconce.uasset" 435
"../../../Engine/Content/Functions/Engine_MaterialFunctions03/Procedurals/ComputeFilterWidth.uasset" 436
"../../../Engine/Content/EngineMaterials/AntiAliasedTextMaterialTranslucent.uasset" 437
"../../../C4IATontaLimpio/Content/StarterContent/Textures/T_Brick_Clay_Beveled_D.uasset" 438
"../../../C4IATontaLimpio/Content/StarterContent/Textures/T_Brick_Clay_Beveled_M.uasset" 439
"../../../C4IATontaLimpio/Content/StarterContent/Textures/T_Brick_Clay_Beveled_N.uasset" 440
"../../../C4IATontaLimpio/Content/StarterContent/Materials/M_Brick_Clay_Beveled.uasset" 441
"../../../C4IATontaLimpio/Content/StarterContent/Textures/T_Brick_Clay_New_D.uasset" 442
"../../../C4IATontaLimpio/Content/StarterContent/Textures/T_Brick_Clay_New_M.uasset" 443
"../../../C4IATontaLimpio/Content/StarterContent/Textures/T_Brick_Clay_New_N.uasset" 444
"../../../C4IATontaLimpio/Content/StarterContent/Materials/M_Brick_Clay_New.uasset" 445
"../../../C4IATontaLimpio/Content/StarterContent/Textures/T_Brick_Clay_Old_D.uasset" 446
"../../../C4IATontaLimpio/Content/StarterContent/Textures/T_Brick_Clay_Old_N.uasset" 447
"../../../C4IATontaLimpio/Content/StarterContent/Materials/M_Brick_Clay_Old.uasset" 448
"../../../C4IATontaLimpio/Content/StarterContent/Textures/T_Brick_Cut_Stone_D.uasset" 449
"../../../C4IATontaLimpio/Content/StarterContent/Textures/T_Brick_Cut_Stone_N.uasset" 450
"../../../C4IATontaLimpio/Content/StarterContent/Materials/M_Brick_Cut_Stone.uasset" 451
"../../../C4IATontaLimpio/Content/StarterContent/Textures/T_Brick_Hewn_Stone_D.uasset" 452
"../../../C4IATontaLimpio/Content/StarterContent/Textures/T_Brick_Hewn_Stone_M.uasset" 453
"../../../C4IATontaLimpio/Content/StarterContent/Textures/T_Brick_Hewn_Stone_N.uasset" 454
"../../../C4IATontaLimpio/Content/StarterContent/Materials/M_Brick_Hewn_Stone.uasset" 455
"../../../C4IATontaLimpio/Content/StarterContent/Textures/T_Ceramic_Tile_M.uasset" 456
"../../../C4IATontaLimpio/Content/StarterContent/Textures/T_Ceramic_Tile_N.uasset" 457
"../../../C4IATontaLimpio/Content/StarterContent/Textures/T_Rock_Marble_Polished_D.uasset" 458
"../../../C4IATontaLimpio/Content/StarterContent/Materials/M_Ceramic_Tile_Checker.uasset" 459
"../../../C4IATontaLimpio/Content/StarterContent/Textures/T_CobbleStone_Pebble_D.uasset" 460
"../../../C4IATontaLimpio/Content/StarterContent/Textures/T_CobbleStone_Pebble_M.uasset" 461
"../../../C4IATontaLimpio/Content/StarterContent/Textures/T_CobbleStone_Pebble_N.uasset" 462
"../../../C4IATontaLimpio/Content/StarterContent/Materials/M_CobbleStone_Pebble.uasset" 463
"../../../C4IATontaLimpio/Content/StarterContent/Textures/T_CobbleStone_Rough_D.uasset" 464
"../../../C4IATontaLimpio/Content/StarterContent/Textures/T_CobbleStone_Rough_N.uasset" 465
"../../../C4IATontaLimpio/Content/StarterContent/Textures/T_Gradinet_01.uasset" 466
"../../../C4IATontaLimpio/Content/StarterContent/Textures/T_Rock_Smooth_Granite_D.uasset" 467
"../../../C4IATontaLimpio/Content/StarterContent/Materials/M_CobbleStone_Rough.uasset" 468
"../../../C4IATontaLimpio/Content/StarterContent/Textures/T_CobbleStone_Smooth_D.uasset" 469
"../../../C4IATontaLimpio/Content/StarterContent/Textures/T_CobbleStone_Smooth_M.uasset" 470
"../../../C4IATontaLimpio/Content/StarterContent/Textures/T_CobbleStone_Smooth_N.uasset" 471
"../../../C4IATontaLimpio/Content/StarterContent/Materials/M_CobbleStone_Smooth.uasset" 472
"../../../C4IATontaLimpio/Content/StarterContent/Textures/T_Concrete_Grime_D.uasset" 473
"../../../C4IATontaLimpio/Content/StarterContent/Textures/T_Metal_Rust_N.uasset" 474
"../../../C4IATontaLimpio/Content/StarterContent/Materials/M_Concrete_Grime.uasset" 475
"../../../C4IATontaLimpio/Content/StarterContent/Textures/T_Concrete_Panels_D.uasset" 476
"../../../C4IATontaLimpio/Content/StarterContent/Textures/T_Concrete_Panels_N.uasset" 477
"../../../C4IATontaLimpio/Content/StarterContent/Materials/M_Concrete_Panels.uasset" 478
"../../../C4IATontaLimpio/Content/StarterContent/Textures/T_Concrete_Poured_D.uasset" 479
"../../../C4IATontaLimpio/Content/StarterContent/Textures/T_Concrete_Poured_N.uasset" 480
"../../../C4IATontaLimpio/Content/StarterContent/Materials/M_Concrete_Poured.uasset" 481
"../../../C4IATontaLimpio/Content/StarterContent/Textures/T_Concrete_Tiles_D.uasset" 482
"../../../C4IATontaLimpio/Content/StarterContent/Textures/T_Concrete_Tiles_M.uasset" 483
"../../../C4IATontaLimpio/Content/StarterContent/Textures/T_Concrete_Tiles_N.uasset" 484
"../../../C4IATontaLimpio/Content/StarterContent/Textures/T_Concrete_Tiles_Variation_M.uasset" 485
"../../../C4IATontaLimpio/Content/StarterContent/Materials/M_Concrete_Tiles.uasset" 486
"../../../C4IATontaLimpio/Content/StarterContent/Textures/T_Ground_Grass_D.uasset" 487
"../../../C4IATontaLimpio/Content/StarterContent/Textures/T_Ground_Grass_N.uasset" 488
"../../../C4IATontaLimpio/Content/StarterContent/Materials/M_Ground_Grass.uasset" 489
"../../../C4IATontaLimpio/Content/StarterContent/Textures/T_Ground_Gravel_D.uasset" 490
"../../../C4IATontaLimpio/Content/StarterContent/Textures/T_Ground_Gravel_N.uasset" 491
"../../../C4IATontaLimpio/Content/StarterContent/Materials/M_Ground_Gravel.uasset" 492
"../../../C4IATontaLimpio/Content/StarterContent/Textures/T_ground_Moss_D.uasset" 493
"../../../C4IATontaLimpio/Content/StarterContent/Textures/T_Ground_Moss_N.uasset" 494
"../../../C4IATontaLimpio/Content/StarterContent/Materials/M_Ground_Moss.uasset" 495
"../../../C4IATontaLimpio/Content/StarterContent/Materials/M_Metal_Chrome.uasset" 496
"../../../C4IATontaLimpio/Content/StarterContent/Textures/T_Metal_Gold_D.uasset" 497
"../../../C4IATontaLimpio/Content/StarterContent/Materials/M_Metal_Gold.uasset" 498
"../../../C4IATontaLimpio/Content/StarterContent/Textures/T_Metal_Rust_D.uasset" 499
"../../../C4IATontaLimpio/Content/StarterContent/Materials/M_Metal_Rust.uasset" 500
"../../../C4IATontaLimpio/Content/StarterContent/Textures/T_Metal_Steel_D.uasset" 501
"../../../C4IATontaLimpio/Content/StarterContent/Textures/T_Metal_Steel_N.uasset" 502
"../../../C4IATontaLimpio/Content/StarterContent/Materials/M_Metal_Steel.uasset" 503
"../../../C4IATontaLimpio/Content/StarterContent/Textures/T_Rock_Basalt_N.uasset" 504
"../../../C4IATontaLimpio/Content/StarterContent/Materials/M_Rock_Basalt.uasset" 505
"../../../C4IATontaLimpio/Content/StarterContent/Materials/M_Rock_Marble_Polished.uasset" 506
"../../../C4IATontaLimpio/Content/StarterContent/Textures/T_Rock_Sandstone_D.uasset" 507
"../../../C4IATontaLimpio/Content/StarterContent/Textures/T_Rock_Sandstone_N.uasset" 508
"../../../C4IATontaLimpio/Content/StarterContent/Materials/M_Rock_Sandstone.uasset" 509
"../../../C4IATontaLimpio/Content/StarterContent/Textures/T_Checker_Noise_M.uasset" 510
"../../../C4IATontaLimpio/Content/StarterContent/Textures/T_Single_Tile_N.uasset" 511
"../../../C4IATontaLimpio/Content/StarterContent/Textures/T_Tech_Dot_M.uasset" 512
"../../../C4IATontaLimpio/Content/StarterContent/Textures/T_Tech_Dot_N.uasset" 513
"../../../C4IATontaLimpio/Content/StarterContent/Materials/M_Tech_Checker_Dot.uasset" 514
"../../../C4IATontaLimpio/Content/StarterContent/Textures/T_Tech_Hex_Tile_M.uasset" 515
"../../../C4IATontaLimpio/Content/StarterContent/Textures/T_Tech_Hex_Tile_N.uasset" 516
"../../../C4IATontaLimpio/Content/StarterContent/Materials/M_Tech_Hex_Tile.uasset" 517
"../../../C4IATontaLimpio/Content/StarterContent/Materials/M_Tech_Hex_Tile_Pulse.uasset" 518
"../../../C4IATontaLimpio/Content/StarterContent/Textures/T_Tech_Panel_M.uasset" 519
"../../../C4IATontaLimpio/Content/StarterContent/Textures/T_Tech_Panel_N.uasset" 520
"../../../C4IATontaLimpio/Content/StarterContent/Materials/M_Tech_Panel.uasset" 521
"../../../C4IATontaLimpio/Content/StarterContent/Materials/M_Water_Lake.uasset" 522
"../../../C4IATontaLimpio/Content/StarterContent/Textures/T_Water_M.uasset" 523
"../../../C4IATontaLimpio/Content/StarterContent/Materials/M_Water_Ocean.uasset" 524
"../../../C4IATontaLimpio/Content/StarterContent/Textures/T_Wood_Floor_Walnut_D.uasset" 525
"../../../C4IATontaLimpio/Content/StarterContent/Textures/T_Wood_Floor_Walnut_M.uasset" 526
"../../../C4IATontaLimpio/Content/StarterContent/Textures/T_Wood_Floor_Walnut_N.uasset" 527
"../../../C4IATontaLimpio/Content/StarterContent/Materials/M_Wood_Floor_Walnut_Polished.uasset" 528
"../../../Engine/Content/Functions/Engine_MaterialFunctions01/Opacity/AlphaOffset.uasset" 529
"../../../C4IATontaLimpio/Content/StarterContent/Materials/M_Wood_Floor_Walnut_Worn.uasset" 530
"../../../C4IATontaLimpio/Content/StarterContent/Textures/T_Wood_Oak_D.uasset" 531
"../../../C4IATontaLimpio/Content/StarterContent/Textures/T_Wood_Oak_N.uasset" 532
"../../../C4IATontaLimpio/Content/StarterContent/Materials/M_Wood_Oak.uasset" 533
"../../../C4IATontaLimpio/Content/StarterContent/Textures/T_Wood_Pine_N.uasset" 534
"../../../C4IATontaLimpio/Content/StarterContent/Materials/M_Wood_Pine.uasset" 535
"../../../C4IATontaLimpio/Content/StarterContent/Textures/T_Wood_Walnut_D.uasset" 536
"../../../C4IATontaLimpio/Content/StarterContent/Textures/T_Wood_Walnut_N.uasset" 537
"../../../C4IATontaLimpio/Content/StarterContent/Materials/M_Wood_Walnut.uasset" 538
"../../../C4IATontaLimpio/Content/StarterContent/Architecture/Wall_400x200.uasset" 539
"../../../C4IATontaLimpio/Content/StarterContent/Architecture/Wall_Door_400x300.uasset" 540
"../../../C4IATontaLimpio/Content/StarterContent/Architecture/Wall_Window_400x300.uasset" 541
"../../../C4IATontaLimpio/Content/StarterContent/Audio/Collapse_Cue.uasset" 542
"../../../C4IATontaLimpio/Content/StarterContent/Audio/Starter_Music_Cue.uasset" 543
"../../../C4IATontaLimpio/Content/StarterContent/Textures/T_Dust_Particle_D.uasset" 544
"../../../C4IATontaLimpio/Content/StarterContent/Particles/Materials/M_Dust_Particle.uasset" 545
"../../../C4IATontaLimpio/Content/StarterContent/Particles/P_Ambient_Dust.uasset" 546
"../../../C4IATontaLimpio/Content/StarterContent/Props/MaterialSphere.uasset" 547
"../../../C4IATontaLimpio/Content/StarterContent/Textures/T_Frame_M.uasset" 548
"../../../C4IATontaLimpio/Content/StarterContent/Textures/T_Frame_N.uasset" 549
"../../../C4IATontaLimpio/Content/StarterContent/Props/Materials/M_Frame.uasset" 550
"../../../C4IATontaLimpio/Content/StarterContent/Props/SM_CornerFrame.uasset" 551
"../../../C4IATontaLimpio/Content/StarterContent/Props/SM_DoorFrame.uasset" 552
"../../../C4IATontaLimpio/Content/StarterContent/Props/SM_GlassWindow.uasset" 553
"../../../C4IATontaLimpio/Content/StarterContent/Props/SM_PillarFrame.uasset" 554
"../../../C4IATontaLimpio/Content/StarterContent/Props/SM_PillarFrame300.uasset" 555
"../../../C4IATontaLimpio/Content/StarterContent/Props/SM_WindowFrame.uasset" 556
"../../../C4IATontaLimpio/Content/StarterContent/Shapes/Shape_Cube.uasset" 557
"../../../C4IATontaLimpio/Content/StarterContent/Shapes/Shape_QuadPyramid.uasset" 558
"../../../C4IATontaLimpio/Content/StarterContent/Shapes/Shape_Sphere.uasset" 559
"../../../C4IATontaLimpio/Content/StarterContent/Maps/StarterMap.umap" 560
"../../../Engine/Content/Maps/Entry.umap" 561
